Module
  Variable zzz
    Value STRING world
  
  Function f1
    returnType: None
    Block
    ;;
  
  Function f2
    returnType: None
    Argument x: I32
    Block
      Expr
        Apply
          Name print
          Value STRING hello
      ;
      Expr
        Apply
          Name print
          Value DEC 127
      ;
    ;;
  
  Function f3
    returnType: None
    Argument x: None
    Argument y: I32
    Block
      Expr
        Apply
          Name f1
      ;
      Expr
        Apply
          Name f2
          Name x
      ;
      Expr
        Apply
          Name f3
          Name x
          Name y
      ;
      Expr
        Apply
          Member f3
            Name modname
          Member x
            Name mod
          Name y
      ;
      Expr
        Apply
          Name []
          Name arr
          Name x
      ;
      Expr
        Apply
          Name []
          Name map
          Name x
          Name z
      ;
      Expr
        Apply
          Name []
          Apply
            Apply
              Name f4
            Name x
          Value DEC 10
      ;
      Expr
        Apply
          Name f2
          Name x
      ;
      Expr
        Member x
          Apply
            Name f2
      ;
      Expr
        Apply
          Name []
          Apply
            Name f2
          Value DEC 10
      ;
      Expr
        Member y
          Apply
            Name []
            Name a
            Name i
      ;
      Expr
        Member z
          Member y
            Apply
              Name []
              Name a
              Name i
      ;
    ;;
  
  Function f4
    returnType: None
    Block
      Expr
        Apply
          Name :
          Apply
            Name g
            Value DEC 10
            Value DEC 20
          Type I32
      ;
      Expr
        Apply
          Name g
          Apply
            Name :
            Value DEC 10
            Type owl.lang.String
      ;
      Expr
        Apply
          Name g
          Apply
            Name :
            Value DEC 50
            Type Array
              Type I32
      ;
    ;;
  
  Function f5
    returnType: Fn(I32, Char, Bool)
    Block
      Expr
        Apply
          Name :
          Value DEC 50
          Type Fn
            Type I32
            Type Bool
      ;
      Expr
        Apply
          Name :
          Value DEC 12
          Type Generic
            Type I32
      ;
      Expr
        Apply
          Name :
          Value DEC 13
          Type Generic
            Type I32
            Type String
            Type Bool
      ;
      Expr
        Apply
          Name :
          Value DEC 14
          Type Generic
            Type Fn
              Type I32
              Type Bool
            Type Array
              Type String
            Type Fn
              Type Bool
              Type Array
                Type owl.lang.Char
      ;
      Expr
        Apply
          Name :
          Value DEC 15
          Type Fn
            Type Array
              Type Array
                Type I32
            Type I64
            Type Bool
      ;
    ;;
  
  Function f6
    returnType: None
    Block
      Expr
        Apply
          Name f
          Apply
            Name ~
            Value DEC 10
      ;
      Expr
        Apply
          Name f
          Apply
            Name ~
            Apply
              Name :
              Value DEC 10
              Type I32
      ;
      Expr
        Apply
          Name f
          Apply
            Name -
            Value DEC 100
      ;
      Expr
        Apply
          Name f
          Apply
            Name -
            Value DEC 100
          Apply
            Name !
            Apply
              Name :
              Name a
              Type I32
      ;
      Expr
        Apply
          Name f
          Apply
            Name -
            Value DEC 100
          Apply
            Name !
            Apply
              Name :
              Name a
              Type I32
      ;
      Expr
        Apply
          Name f
          Apply
            Name -
            Value DEC 100
          Apply
            Name :
            Apply
              Name !
              Name a
            Type I32
      ;
      Expr
        Apply
          Name +
          Apply
            Name f
            Value DEC 10
      ;
      Expr
        Apply
          Name +
          Apply
            Name :
            Apply
              Name f
              Value DEC 10
            Type I32
      ;
      Expr
        Apply
          Name +
          Apply
            Name -
            Value DEC 3
          Apply
            Name +
            Value DEC 6
      ;
    ;;
  
  Function f7
    returnType: None
    Block
      Expr
        Apply
          Name /
          Apply
            Name *
            Value DEC 2
            Value DEC 3
          Value DEC 5
      ;
      Expr
        Apply
          Name %
          Apply
            Name /
            Apply
              Name *
              Value DEC 2
              Value DEC 3
            Value DEC 5
          Value DEC 9
      ;
      Expr
        Apply
          Name %
          Apply
            Name /
            Apply
              Name *
              Apply
                Name -
                Value DEC 2
              Apply
                Name +
                Value DEC 4
            Apply
              Name -
              Value DEC 5
          Apply
            Name +
            Value DEC 6
      ;
      Expr
        Apply
          Name -
          Apply
            Name +
            Apply
              Name *
              Apply
                Name foo
                Value DEC 2
                Value DEC 3
              Apply
                Name -
                Value DEC 10
            Apply
              Name *
              Value DEC 80
              Apply
                Name +
                Value DEC 2
                Apply
                  Name g
          Apply
            Name []
            Name a
            Value DEC 10
      ;
      Expr
        Apply
          Name >>
          Apply
            Name >>>
            Apply
              Name <<
              Name a
              Value DEC 10
            Value DEC 8
          Value DEC 1
      ;
      Expr
        Apply
          Name |
          Apply
            Name &
            Name a
            Apply
              Name <<
              Value DEC 1
              Value DEC 8
          Apply
            Name <<
            Value DEC 1
            Value DEC 6
      ;
      Expr
        Apply
          Name |
          Apply
            Name &
            Name a
            Name b
          Apply
            Name &
            Apply
              Name +
              Value DEC 1
              Value DEC 6
            Value DEC 3
      ;
      Expr
        Apply
          Name |
          Name a
          Apply
            Name ^
            Name b
            Apply
              Name &
              Name c
              Name d
      ;
    ;;
  
  Function f8
    returnType: None
    Block
      Expr
        Apply
          Name ==
          Apply
            Name >=
            Name a
            Name b
          Apply
            Name <
            Name c
            Name d
      ;
      Expr
        Apply
          Name <
          Apply
            Name <
            Name a
            Name b
          Name c
      ;
      Expr
        Apply
          Name ==
          Apply
            Name &
            Name a
            Value DEC 10
          Apply
            Name &
            Name b
            Apply
              Name <<
              Value DEC 1
              Value DEC 4
      ;
      Expr
        Apply
          Name is
          Apply
            Name ==
            Apply
              Name is
              Name a
              Value DEC 10
            Name b
          Value DEC 20
      ;
      Expr
        Apply
          Name !
          Apply
            Name ==
            Name a
            Value DEC 13
      ;
      Expr
        Apply
          Name !
          Apply
            Name is
            Name a
            Value DEC 13
      ;
      Expr
        Apply
          Name !
          Apply
            Name ==
            Name a
            Apply
              Name +
              Value DEC 12
              Value DEC 1
      ;
      Expr
        Apply
          Name ||
          Apply
            Name &&
            Apply
              Name &
              Name f
              Apply
                Name <<
                Value DEC 1
                Value DEC 8
            Apply
              Name !
              Apply
                Name <
                Apply
                  Name *
                  Value DEC 3
                  Name y
                Value DEC 7
          Apply
            Name !
            Apply
              Name ==
              Name b
              Name true
      ;
    ;;
  
  Function f9
    returnType: None
    Block
      Expr
        Apply
          Name =
          Name x
          Apply
            Name >>>
            Apply
              Name -
              Apply
                Name *
                Apply
                  Name width
                  Name window
                Apply
                  Name height
                  Name window
              Apply
                Name square
                Name r
                Value DEC 0
            Value DEC 2
      ;
      Expr
        Apply
          Name +=
          Apply
            Name []
            Name a
            Name i
          Apply
            Name f
            Apply
              Name &&
              Name true
              Apply
                Name !
                Name b
      ;
    ;;
  
  Function f10
    returnType: None
    Block
      If
        Cond
          Expr
            Apply
              Name &&
              Apply
                Name <
                Name a
                Name b
              Apply
                Name !
                Apply
                  Name ==
                  Apply
                    Name +
                    Apply
                      Name width
                      Name x
                    Value DEC 10
                  Apply
                    Name height
                    Name x
          Block
            Expr
              Apply
                Name print
                Value DEC 10
            ;
          ;;
      ;
      If
        Cond
          Expr
            Apply
              Name f
              Name r
              Apply
                Name &
                Name r
                Value DEC 5
          Block
            Expr
              Apply
                Name print
                Value DEC 10
            ;
          ;;
        Cond
          Block
            Expr
              Apply
                Name print
                Value DEC 20
            ;
          ;;
      ;
      If
        Cond
          Expr
            Apply
              Name &&
              Name true
              Name false
          Block
            Expr
              Apply
                Name print
                Value DEC 10
            ;
          ;;
        Cond
          Expr
            Apply
              Name ==
              Apply
                Name +
                Name m
                Value DEC 10
              Value DEC 12
          Block
            Expr
              Apply
                Name print
                Value DEC 11
            ;
          ;;
        Cond
          Expr
            Apply
              Name ==
              Apply
                Name -
                Name m
                Value DEC 10
              Value DEC 12
          Block
            Expr
              Apply
                Name print
                Value DEC 12
            ;
          ;;
      ;
      If
        Cond
          Expr
            Apply
              Name &&
              Name true
              Name false
          Block
            Expr
              Apply
                Name print
                Value DEC 10
            ;
          ;;
        Cond
          Expr
            Apply
              Name ==
              Apply
                Name +
                Name m
                Value DEC 10
              Value DEC 12
          Block
            Expr
              Apply
                Name print
                Value DEC 11
            ;
          ;;
        Cond
          Expr
            Apply
              Name ==
              Apply
                Name -
                Name m
                Value DEC 10
              Value DEC 12
          Block
            Expr
              Apply
                Name print
                Value DEC 12
            ;
          ;;
        Cond
          Block
            Expr
              Apply
                Name print
                Value DEC 13
            ;
          ;;
      ;
    ;;
  
  Function f11
    returnType: None
    Block
      Match
        Case None, null
          Block
            Expr
              Apply
                Name print
                Apply
                  Name s
            ;
          ;;
        Case Just, x
          Block
            Expr
              Apply
                Name print
                Name x
            ;
          ;;
      ;
      Match
        Case Green, null
          Block
            Expr
              Apply
                Name print
                Name color
            ;
          ;;
      ;
      Match
        Case Yellow, null
          Block
          ;;
        Case null, null
          Block
            Expr
              Apply
                Name print
                Name zzz
            ;
          ;;
      ;
    ;;
  
  Function f12
    returnType: I32
    Argument x: None
    Argument y: I32
    Block
      Return
        Apply
          Name +
          Name x
          Name y
      ;
      Return
        Apply
          Name +
          Member numberInt
            Apply
              Name []
              Name a
              Name x
          Name y
      ;
      Return
      ;
    ;;
  
  Variable PI
    Value DEC 3
  
