package main ;
// Generated by Igor's Owl Compiler 0.101 (alpha)
import owl.runtime.RT ;
public final class simple
{
  public static void main (
      String[] args
  )
  {
    owl_main ( );
  }
  static String f1 (
      String x
  )
  {
    String _t_a = "hello" ;
    return _t_a ;
  }
  static int f1 (
      int x
  )
  {
    int y ;
    int _l_a ;
    int _t_a = 9 ;
    int _t_b = 2 ;
    int _t_c = _t_a * _t_b ;
    y = _t_c ;
    _l_a = y ;
    int _t_d = 1 ;
    int _t_e = _l_a + _t_d ;
    y = _t_e ;
    int _t_f = x + y ;
    return _t_f ;
  }
  static void owl_main (
  )
  {
    int _t_a = 1 ;
    int _t_b = f1 ( _t_a );
    RT.println ( _t_b );
  }
}
